[20Jan2025 00:02:25.127] [Server thread/INFO] [net.minecraft.server.MinecraftServer/]: Made jefferson_pad a server operator
[20Jan2025 00:02:54.214] [Server thread/INFO] [net.minecraft.server.MinecraftServer/]: Made jefferson_pad no longer a server operator
[20Jan2025 00:03:37.380] [Server thread/WARN] [net.minecraft.server.network.ServerGamePacketListenerImpl/]: jefferson_pad moved too quickly! -9.840600360477708,4.0,2.404136235564833
[20Jan2025 00:05:04.572] [Server thread/WARN] [net.minecraft.server.level.ServerPlayerGameMode/]: Mismatch in destroy block pos: BlockPos{x=0, y=61, z=3} BlockPos{x=0, y=62, z=3}
[20Jan2025 00:06:25.503] [Server thread/INFO] [net.minecraft.server.MinecraftServer/]: jefferson_pad has reached the goal [The End... Again...]
[20Jan2025 00:06:34.503] [Server thread/INFO] [net.minecraft.server.MinecraftServer/]: jefferson_pad has reached the goal [You Need a Mint]
[20Jan2025 00:08:11.902] [Server thread/ERROR] [Apotheosis : Adventure/]: Failed to execute LootRule minecraft:diamond_boots/apotheosis:mythic/ABILITY/0.3!
[20Jan2025 00:12:27.769] [Server thread/WARN] [net.minecraft.server.level.ServerPlayerGameMode/]: Mismatch in destroy block pos: BlockPos{x=-15, y=57, z=1} BlockPos{x=-16, y=57, z=1}
[20Jan2025 00:12:27.819] [Server thread/WARN] [net.minecraft.server.level.ServerPlayerGameMode/]: Mismatch in destroy block pos: BlockPos{x=-15, y=57, z=1} BlockPos{x=-16, y=57, z=1}
[20Jan2025 00:12:27.869] [Server thread/WARN] [net.minecraft.server.level.ServerPlayerGameMode/]: Mismatch in destroy block pos: BlockPos{x=-18, y=57, z=0} BlockPos{x=-16, y=57, z=1}
[20Jan2025 00:12:27.919] [Server thread/WARN] [net.minecraft.server.level.ServerPlayerGameMode/]: Mismatch in destroy block pos: BlockPos{x=-18, y=57, z=0} BlockPos{x=-16, y=57, z=1}
[20Jan2025 00:12:27.974] [Server thread/WARN] [net.minecraft.server.level.ServerPlayerGameMode/]: Mismatch in destroy block pos: BlockPos{x=-18, y=57, z=0} BlockPos{x=-16, y=57, z=1}
[20Jan2025 00:12:28.021] [Server thread/WARN] [net.minecraft.server.level.ServerPlayerGameMode/]: Mismatch in destroy block pos: BlockPos{x=-18, y=57, z=0} BlockPos{x=-16, y=57, z=1}
[20Jan2025 00:12:28.074] [Server thread/WARN] [net.minecraft.server.level.ServerPlayerGameMode/]: Mismatch in destroy block pos: BlockPos{x=-18, y=57, z=0} BlockPos{x=-16, y=57, z=1}
[20Jan2025 00:12:28.121] [Server thread/WARN] [net.minecraft.server.level.ServerPlayerGameMode/]: Mismatch in destroy block pos: BlockPos{x=-18, y=57, z=0} BlockPos{x=-16, y=57, z=1}
[20Jan2025 00:12:28.169] [Server thread/WARN] [net.minecraft.server.level.ServerPlayerGameMode/]: Mismatch in destroy block pos: BlockPos{x=-18, y=57, z=0} BlockPos{x=-16, y=57, z=1}
[20Jan2025 00:12:28.223] [Server thread/WARN] [net.minecraft.server.level.ServerPlayerGameMode/]: Mismatch in destroy block pos: BlockPos{x=-18, y=57, z=0} BlockPos{x=-16, y=57, z=1}
[20Jan2025 00:12:28.273] [Server thread/WARN] [net.minecraft.server.level.ServerPlayerGameMode/]: Mismatch in destroy block pos: BlockPos{x=-14, y=58, z=4} BlockPos{x=-16, y=57, z=1}
[20Jan2025 00:13:59.118] [Server thread/WARN] [net.minecraft.server.level.ServerPlayerGameMode/]: Mismatch in destroy block pos: BlockPos{x=25, y=58, z=28} BlockPos{x=25, y=57, z=28}
[20Jan2025 00:13:59.170] [Server thread/WARN] [net.minecraft.server.level.ServerPlayerGameMode/]: Mismatch in destroy block pos: BlockPos{x=25, y=58, z=28} BlockPos{x=25, y=57, z=28}
[20Jan2025 00:13:59.220] [Server thread/WARN] [net.minecraft.server.level.ServerPlayerGameMode/]: Mismatch in destroy block pos: BlockPos{x=26, y=57, z=29} BlockPos{x=25, y=57, z=28}
[20Jan2025 00:13:59.267] [Server thread/WARN] [net.minecraft.server.level.ServerPlayerGameMode/]: Mismatch in destroy block pos: BlockPos{x=26, y=57, z=29} BlockPos{x=25, y=57, z=28}
[20Jan2025 00:13:59.323] [Server thread/WARN] [net.minecraft.server.level.ServerPlayerGameMode/]: Mismatch in destroy block pos: BlockPos{x=26, y=57, z=29} BlockPos{x=25, y=57, z=28}
[20Jan2025 00:13:59.369] [Server thread/WARN] [net.minecraft.server.level.ServerPlayerGameMode/]: Mismatch in destroy block pos: BlockPos{x=26, y=57, z=29} BlockPos{x=25, y=57, z=28}
[20Jan2025 00:13:59.421] [Server thread/WARN] [net.minecraft.server.level.ServerPlayerGameMode/]: Mismatch in destroy block pos: BlockPos{x=26, y=57, z=29} BlockPos{x=25, y=57, z=28}
[20Jan2025 00:13:59.470] [Server thread/WARN] [net.minecraft.server.level.ServerPlayerGameMode/]: Mismatch in destroy block pos: BlockPos{x=26, y=57, z=29} BlockPos{x=25, y=57, z=28}
[20Jan2025 00:19:44.768] [Server thread/INFO] [net.minecraft.server.MinecraftServer/]: jefferson_pad has made the advancement [Free the End]
[20Jan2025 00:23:07.071] [Server thread/INFO] [net.minecraft.server.MinecraftServer/]: Made jefferson_pad a server operator
[20Jan2025 00:24:27.066] [Server thread/INFO] [net.minecraft.world.entity.LivingEntity/]: Named entity Vindicator['Panez the Rough'/29582, l='ServerLevel[world]', x=233.34, y=63.00, z=-756.58] died: Panez the Rough was slain by jefferson_pad
[20Jan2025 00:34:38.999] [Server thread/INFO] [net.minecraft.server.MinecraftServer/]: jefferson_pad has made the advancement [Local Librarian]
[20Jan2025 00:34:46.695] [Server thread/INFO] [net.minecraft.server.MinecraftServer/]: jefferson_pad has reached the goal [Dragon-Slaying Enchanter]
[20Jan2025 00:38:14.459] [Server thread/INFO] [net.minecraft.server.MinecraftServer/]: jefferson_pad has completed the challenge [The Final Bookshelf]
[20Jan2025 00:39:01.863] [Server thread/INFO] [net.minecraft.server.MinecraftServer/]: jefferson_pad has made the advancement [Introduction to Chaos]
[20Jan2025 00:39:01.863] [Server thread/INFO] [net.minecraft.server.MinecraftServer/]: jefferson_pad has reached the goal [Mastering Hell and Sea]
[20Jan2025 00:39:01.863] [Server thread/INFO] [net.minecraft.server.MinecraftServer/]: jefferson_pad has made the advancement [Magical Energy]
[20Jan2025 00:39:01.863] [Server thread/INFO] [net.minecraft.server.MinecraftServer/]: jefferson_pad has made the advancement [The Basics]
[20Jan2025 00:39:01.863] [Server thread/INFO] [net.minecraft.server.MinecraftServer/]: jefferson_pad has completed the challenge [Draconic Enchanting]
[20Jan2025 00:39:01.864] [Server thread/INFO] [net.minecraft.server.MinecraftServer/]: jefferson_pad has made the advancement [Rolling the Dice]
[20Jan2025 00:39:01.864] [Server thread/INFO] [net.minecraft.server.MinecraftServer/]: jefferson_pad has reached the goal [Enchantments from the Depths]
[20Jan2025 00:47:31.061] [Server thread/INFO] [net.minecraft.server.MinecraftServer/]: jefferson_pad has made the advancement [Mother of Dragons]
[20Jan2025 00:48:15.163] [Server thread/INFO] [net.minecraft.server.MinecraftServer/]: jefferson_pad has made the advancement [Gassed Up]
[20Jan2025 00:50:50.264] [Server thread/INFO] [net.minecraft.server.MinecraftServer/]: Made jefferson_pad no longer a server operator
[20Jan2025 00:52:07.305] [Server thread/WARN] [net.minecraft.server.MinecraftServer/]: Can't keep up! Is the server overloaded? Running 2906ms or 58 ticks behind
[20Jan2025 00:52:57.465] [Server thread/INFO] [net.minecraft.world.entity.LivingEntity/]: Named entity Zoglin['Mel the Head of Potatoes'/35977, l='ServerLevel[world]', x=-73.47, y=24.00, z=-76.50] died: You have perished from holy damage
[20Jan2025 01:28:23.941] [Server thread/WARN] [net.minecraft.server.level.ServerPlayerGameMode/]: Mismatch in destroy block pos: BlockPos{x=-192, y=34, z=175} BlockPos{x=-192, y=33, z=171}
[20Jan2025 01:29:59.393] [Server thread/WARN] [net.minecraft.server.level.ServerPlayerGameMode/]: Mismatch in destroy block pos: BlockPos{x=-240, y=35, z=251} BlockPos{x=-240, y=34, z=254}
[20Jan2025 01:30:15.165] [Server thread/INFO] [net.minecraft.server.MinecraftServer/]: jefferson_pad has completed the challenge [Hot Tourist Destinations]
[20Jan2025 01:34:17.018] [Server thread/INFO] [net.minecraft.world.entity.LivingEntity/]: Named entity PiglinBrute['Zapsonen the Mean'/41577, l='ServerLevel[world]', x=-569.30, y=59.37, z=806.70] died: You have perished from holy damage
[20Jan2025 01:35:29.507] [Server thread/INFO] [net.minecraft.server.network.ServerGamePacketListenerImpl/]: jefferson_pad lost connection: Disconnected
[20Jan2025 01:35:29.507] [Server thread/INFO] [net.minecraft.server.MinecraftServer/]: jefferson_pad left the game
[20Jan2025 01:35:36.049] [Server thread/INFO] [net.minecraft.server.MinecraftServer/]: Unknown or incomplete command, see below for error
[20Jan2025 01:35:36.059] [Server thread/INFO] [net.minecraft.server.MinecraftServer/]: off<--[HERE]
[20Jan2025 01:35:41.452] [Server thread/INFO] [net.minecraft.server.MinecraftServer/]: Stopping server
[20Jan2025 01:35:41.454] [Server thread/INFO] [net.minecraft.server.MinecraftServer/]: Saving players
[20Jan2025 01:35:41.454] [Server thread/INFO] [net.minecraft.server.MinecraftServer/]: Saving worlds
[20Jan2025 01:35:41.590] [Server thread/INFO] [net.minecraft.server.MinecraftServer/]: Saving chunks for level 'ServerLevel[world]'/minecraft:overworld
[20Jan2025 01:35:41.821] [Server thread/INFO] [net.minecraft.server.MinecraftServer/]: Saving chunks for level 'ServerLevel[world]'/blue_skies:everdawn
[20Jan2025 01:35:41.822] [Server thread/INFO] [net.minecraft.server.MinecraftServer/]: Saving chunks for level 'ServerLevel[world]'/blue_skies:everbright
[20Jan2025 01:35:41.822] [Server thread/INFO] [net.minecraft.server.MinecraftServer/]: Saving chunks for level 'ServerLevel[world]'/minecraft:the_end
[20Jan2025 01:35:41.828] [Server thread/INFO] [net.minecraft.server.MinecraftServer/]: Saving chunks for level 'ServerLevel[world]'/minecraft:the_nether
[20Jan2025 01:35:41.959] [Server thread/INFO] [net.minecraft.server.MinecraftServer/]: ThreadedAnvilChunkStorage (world): All chunks are saved
[20Jan2025 01:35:41.959] [Server thread/INFO] [net.minecraft.server.MinecraftServer/]: ThreadedAnvilChunkStorage (everdawn): All chunks are saved
[20Jan2025 01:35:41.959] [Server thread/INFO] [net.minecraft.server.MinecraftServer/]: ThreadedAnvilChunkStorage (everbright): All chunks are saved
[20Jan2025 01:35:41.959] [Server thread/INFO] [net.minecraft.server.MinecraftServer/]: ThreadedAnvilChunkStorage (DIM1): All chunks are saved
[20Jan2025 01:35:41.959] [Server thread/INFO] [net.minecraft.server.MinecraftServer/]: ThreadedAnvilChunkStorage (DIM-1): All chunks are saved
[20Jan2025 01:35:41.959] [Server thread/INFO] [net.minecraft.server.MinecraftServer/]: ThreadedAnvilChunkStorage: All dimensions are saved
[20Jan2025 01:35:42.232] [Server thread/INFO] [Framework/]: Unloading server configs...
[20Jan2025 01:35:42.234] [Server thread/INFO] [Framework/]: Sending config unload event for goblintraders-entities.toml
[20Jan2025 01:35:42.238] [Server thread/INFO] [Framework/]: Finished unloading server configs
[20Jan2025 01:35:42.243] [Server thread/INFO] [journeymap/]: Loading JourneyMap Forge Configs
